<?xml version="1.0" encoding="UTF-8"?>
<testsuite name="TestSuite" time="20.697" tests="6" errors="0" skipped="0" failures="1">
  <properties>
[...]
</properties>
  <testcase name="loginAsBankManager" classname="com.automation.testcases.BankManagerLoginTest" time="4.464">
    <failure message="Testing failure screenshot" type="java.lang.AssertionError">java.lang.AssertionError: Testing failure screenshot
	at org.testng.Assert.fail(Assert.java:97)
	at com.automation.testcases.BankManagerLoginTest.loginAsBankManager(BankManagerLoginTest.java:25)
</failure>
    <system-err><![CDATA[Starting MSEdgeDriver 96.0.1054.62 (f97cb2ce0103f6eaa6dc1994d77748c659744916) on port 26329
Only local connections are allowed.
Please see https://chromedriver.chromium.org/security-considerations for suggestions on keeping MSEdgeDriver safe.
MSEdgeDriver was started successfully.
[1642615015.967][WARNING]: This version of MSEdgeDriver has not been tested with MSEdge version 97.
Jan 19, 2022 7:56:56 PM org.openqa.selenium.remote.ProtocolHandshake createSession
INFO: Detected dialect: W3C
]]></system-err>
  </testcase>
  <testcase name="addCustomerTest" classname="com.automation.testcases.AddCustomerTest" time="13.537"/>
  <testcase name="addCustomerTest" classname="com.automation.testcases.AddCustomerTest" time="4.651"/>
  <testcase name="addCustomerTest" classname="com.automation.testcases.AddCustomerTest" time="4.563"/>
  <testcase name="addCustomerTest" classname="com.automation.testcases.AddCustomerTest" time="4.431"/>
  <testcase name="openAccountTest" classname="com.automation.testcases.OpenAccountTest" time="2.696"/>
</testsuite>