<?xml version="1.0" encoding="UTF-8"?>
<testng-results ignored="0" total="1" passed="1" failed="0" skipped="0">
  <reporter-output>
  </reporter-output>
  <suite started-at="2021-12-07T18:56:51 CAT" name="Default suite" finished-at="2021-12-07T18:56:52 CAT" duration-ms="606">
    <groups>
    </groups>
    <test started-at="2021-12-07T18:56:51 CAT" name="Default test" finished-at="2021-12-07T18:56:52 CAT" duration-ms="606">
      <class name="com.automation.testcases.BankManagerLoginTest">
        <test-method is-config="true" signature="setUp()[pri:0, instance:com.automation.testcases.BankManagerLoginTest@9ef8eb7]" started-at="2021-12-07T18:56:36 CAT" name="setUp" finished-at="2021-12-07T18:56:51 CAT" duration-ms="15818" status="PASS">
          <reporter-output>
          </reporter-output>
        </test-method> <!-- setUp -->
        <test-method signature="loginAsBankManager()[pri:0, instance:com.automation.testcases.BankManagerLoginTest@9ef8eb7]" started-at="2021-12-07T18:56:51 CAT" name="loginAsBankManager" finished-at="2021-12-07T18:56:52 CAT" duration-ms="553" status="PASS">
          <reporter-output>
          </reporter-output>
        </test-method> <!-- loginAsBankManager -->
        <test-method is-config="true" signature="tearDown()[pri:0, instance:com.automation.testcases.BankManagerLoginTest@9ef8eb7]" started-at="2021-12-07T18:56:52 CAT" name="tearDown" finished-at="2021-12-07T18:56:53 CAT" duration-ms="629" status="PASS">
          <reporter-output>
          </reporter-output>
        </test-method> <!-- tearDown -->
      </class> <!-- com.automation.testcases.BankManagerLoginTest -->
    </test> <!-- Default test -->
  </suite> <!-- Default suite -->
</testng-results>
